<?xml version="1.0" encoding="UTF-8"?>
<testsuite xmlns:xsi="http://www.w3.org/2001/XMLSchema-instance" xsi:noNamespaceSchemaLocation="https://maven.apache.org/surefire/maven-surefire-plugin/xsd/surefire-test-report-3.0.xsd" version="3.0" name="com.example.AppTest" time="0.011" tests="1" errors="0" skipped="0" failures="0">
  <properties>
    <property name="java.specification.version" value="21"/>
    <property name="sun.jnu.encoding" value="UTF-8"/>
    <property name="java.class.path" value="/Users/martinsundeqvist/coding/mock-server/mock-server/target/test-classes:/Users/martinsundeqvist/coding/mock-server/mock-server/target/classes:/Users/martinsundeqvist/.m2/repository/junit/junit/3.8.1/junit-3.8.1.jar:/Users/martinsundeqvist/.m2/repository/org/postgresql/postgresql/42.2.20/postgresql-42.2.20.jar:/Users/martinsundeqvist/.m2/repository/org/checkerframework/checker-qual/3.5.0/checker-qual-3.5.0.jar:"/>
    <property name="java.vm.vendor" value="Amazon.com Inc."/>
    <property name="sun.arch.data.model" value="64"/>
    <property name="java.vendor.url" value="https://aws.amazon.com/corretto/"/>
    <property name="os.name" value="Mac OS X"/>
    <property name="java.vm.specification.version" value="21"/>
    <property name="sun.java.launcher" value="SUN_STANDARD"/>
    <property name="user.country" value="GB"/>
    <property name="sun.boot.library.path" value="/Users/martinsundeqvist/.sdkman/candidates/java/21-amzn/lib"/>
    <property name="sun.java.command" value="/Users/martinsundeqvist/coding/mock-server/mock-server/target/surefire/surefirebooter-20231002090345549_3.jar /Users/martinsundeqvist/coding/mock-server/mock-server/target/surefire 2023-10-02T09-03-45_512-jvmRun1 surefire-20231002090345549_1tmp surefire_0-20231002090345549_2tmp"/>
    <property name="http.nonProxyHosts" value="local|*.local|169.254/16|*.169.254/16"/>
    <property name="jdk.debug" value="release"/>
    <property name="surefire.test.class.path" value="/Users/martinsundeqvist/coding/mock-server/mock-server/target/test-classes:/Users/martinsundeqvist/coding/mock-server/mock-server/target/classes:/Users/martinsundeqvist/.m2/repository/junit/junit/3.8.1/junit-3.8.1.jar:/Users/martinsundeqvist/.m2/repository/org/postgresql/postgresql/42.2.20/postgresql-42.2.20.jar:/Users/martinsundeqvist/.m2/repository/org/checkerframework/checker-qual/3.5.0/checker-qual-3.5.0.jar:"/>
    <property name="sun.cpu.endian" value="little"/>
    <property name="user.home" value="/Users/martinsundeqvist"/>
    <property name="user.language" value="en"/>
    <property name="java.specification.vendor" value="Oracle Corporation"/>
    <property name="java.version.date" value="2023-09-19"/>
    <property name="java.home" value="/Users/martinsundeqvist/.sdkman/candidates/java/21-amzn"/>
    <property name="file.separator" value="/"/>
    <property name="basedir" value="/Users/martinsundeqvist/coding/mock-server/mock-server"/>
    <property name="java.vm.compressedOopsMode" value="Zero based"/>
    <property name="line.separator" value="&#10;"/>
    <property name="java.vm.specification.vendor" value="Oracle Corporation"/>
    <property name="java.specification.name" value="Java Platform API Specification"/>
    <property name="apple.awt.application.name" value="ForkedBooter"/>
    <property name="surefire.real.class.path" value="/Users/martinsundeqvist/coding/mock-server/mock-server/target/surefire/surefirebooter-20231002090345549_3.jar"/>
    <property name="sun.management.compiler" value="HotSpot 64-Bit Tiered Compilers"/>
    <property name="ftp.nonProxyHosts" value="local|*.local|169.254/16|*.169.254/16"/>
    <property name="java.runtime.version" value="21+35-LTS"/>
    <property name="user.name" value="martinsundeqvist"/>
    <property name="stdout.encoding" value="UTF-8"/>
    <property name="path.separator" value=":"/>
    <property name="os.version" value="13.4"/>
    <property name="java.runtime.name" value="OpenJDK Runtime Environment"/>
    <property name="file.encoding" value="UTF-8"/>
    <property name="java.vm.name" value="OpenJDK 64-Bit Server VM"/>
    <property name="java.vendor.version" value="Corretto-21.0.0.35.1"/>
    <property name="localRepository" value="/Users/martinsundeqvist/.m2/repository"/>
    <property name="java.vendor.url.bug" value="https://github.com/corretto/corretto-21/issues/"/>
    <property name="java.io.tmpdir" value="/var/folders/d6/7y3_273s3xn_ld7w1q5zn5s40000gn/T/"/>
    <property name="java.version" value="21"/>
    <property name="user.dir" value="/Users/martinsundeqvist/coding/mock-server/mock-server"/>
    <property name="os.arch" value="aarch64"/>
    <property name="java.vm.specification.name" value="Java Virtual Machine Specification"/>
    <property name="native.encoding" value="UTF-8"/>
    <property name="java.library.path" value="/Users/martinsundeqvist/Library/Java/Extensions:/Library/Java/Extensions:/Network/Library/Java/Extensions:/System/Library/Java/Extensions:/usr/lib/java:."/>
    <property name="java.vm.info" value="mixed mode, sharing"/>
    <property name="stderr.encoding" value="UTF-8"/>
    <property name="java.vendor" value="Amazon.com Inc."/>
    <property name="java.vm.version" value="21+35-LTS"/>
    <property name="sun.io.unicode.encoding" value="UnicodeBig"/>
    <property name="socksNonProxyHosts" value="local|*.local|169.254/16|*.169.254/16"/>
    <property name="java.class.version" value="65.0"/>
  </properties>
  <testcase name="testApp" classname="com.example.AppTest" time="0.002"/>
</testsuite>